app/build/outputs/logs/manifest-merger-release-report.txt
-- Merging decision tree log ---
manifest
ADDED from src\main\AndroidManifest.xml:2:1-64:12
	package
		ADDED from src\main\AndroidManifest.xml:3:5-43
		INJECTED from src\main\AndroidManifest.xml
		INJECTED from src\main\AndroidManifest.xml
	android:versionName
		INJECTED from src\main\AndroidManifest.xml
		INJECTED from src\main\AndroidManifest.xml
	xmlns:android
		ADDED from src\main\AndroidManifest.xml:2:11-69
	android:versionCode
		INJECTED from src\main\AndroidManifest.xml
		INJECTED from src\main\AndroidManifest.xml
uses-permission#android.permission.GET_ACCOUNTS
ADDED from src\main\AndroidManifest.xml:4:5-71
	android:name
		ADDED from src\main\AndroidManifest.xml:4:22-68
uses-permission#android.permission.READ_PROFILE
ADDED from src\main\AndroidManifest.xml:5:5-71
	android:name
		ADDED from src\main\AndroidManifest.xml:5:22-68
uses-permission#android.permission.READ_CONTACTS
ADDED from src\main\AndroidManifest.xml:6:5-72
	android:name
		ADDED from src\main\AndroidManifest.xml:6:22-69
uses-permission#android.permission.INTERNET
ADDED from src\main\AndroidManifest.xml:7:5-66
MERGED from [com.google.firebase:firebase-analytics:9.4.0] AndroidManifest.xml:21:5-67
MERGED from [com.google.firebase:firebase-analytics-impl:9.4.0] AndroidManifest.xml:21:5-67
MERGED from [com.google.firebase:firebase-iid:9.4.0] AndroidManifest.xml:21:5-67
	android:name
		ADDED from src\main\AndroidManifest.xml:7:22-64
uses-permission#android.permission.ACCESS_WIFI_STATE
ADDED from src\main\AndroidManifest.xml:8:5-76
	android:name
		ADDED from src\main\AndroidManifest.xml:8:22-73
uses-permission#android.permission.CHANGE_WIFI_MULTICAST_STATE
ADDED from src\main\AndroidManifest.xml:9:5-86
	android:name
		ADDED from src\main\AndroidManifest.xml:9:22-83
application
ADDED from src\main\AndroidManifest.xml:10:5-63:19
MERGED from [com.android.support.constraint:constraint-layout:1.0.2] AndroidManifest.xml:9:5-20
MERGED from [com.android.volley:volley:1.0.0] AndroidManifest.xml:9:5-20
MERGED from [com.android.support:design:26.0.0-alpha1] AndroidManifest.xml:29:5-20
MERGED from [com.android.support:appcompat-v7:26.0.0-alpha1] AndroidManifest.xml:29:5-20
MERGED from [com.android.support:animated-vector-drawable:26.0.0-alpha1] AndroidManifest.xml:26:5-20
MERGED from [com.android.support:transition:26.0.0-alpha1] AndroidManifest.xml:26:5-20
MERGED from [com.android.support:cardview-v7:26.0.0-alpha1] AndroidManifest.xml:26:5-20
MERGED from [com.google.firebase:firebase-messaging:9.4.0] AndroidManifest.xml:20:5-32:19
MERGED from [com.google.firebase:firebase-core:9.4.0] AndroidManifest.xml:5:5-20
MERGED from [com.google.firebase:firebase-analytics:9.4.0] AndroidManifest.xml:26:5-41:19
MERGED from [com.google.firebase:firebase-analytics-impl:9.4.0] AndroidManifest.xml:26:5-41:19
MERGED from [com.google.firebase:firebase-iid:9.4.0] AndroidManifest.xml:30:5-59:19
MERGED from [com.google.firebase:firebase-common:9.4.0] AndroidManifest.xml:5:5-12:19
MERGED from [com.google.android.gms:play-services-tasks:9.4.0] AndroidManifest.xml:5:5-20
MERGED from [com.google.android.gms:play-services-basement:9.4.0] AndroidManifest.xml:20:5-24:19
MERGED from [com.android.support:support-vector-drawable:26.0.0-alpha1] AndroidManifest.xml:26:5-20
MERGED from [com.android.support:support-v4:26.0.0-alpha1] AndroidManifest.xml:29:5-20
MERGED from [com.android.support:support-media-compat:26.0.0-alpha1] AndroidManifest.xml:29:5-20
MERGED from [com.android.support:support-fragment:26.0.0-alpha1] AndroidManifest.xml:29:5-20
MERGED from [com.android.support:support-core-ui:26.0.0-alpha1] AndroidManifest.xml:29:5-20
MERGED from [com.android.support:support-core-utils:26.0.0-alpha1] AndroidManifest.xml:29:5-20
MERGED from [com.android.support:support-compat:26.0.0-alpha1] AndroidManifest.xml:29:5-20
MERGED from [de.hdodenhof:circleimageview:1.3.0] AndroidManifest.xml:9:5-20
	android:label
		ADDED from src\main\AndroidManifest.xml:14:9-41
	android:supportsRtl
		ADDED from src\main\AndroidManifest.xml:16:9-35
	android:roundIcon
		ADDED from src\main\AndroidManifest.xml:15:9-43
	android:allowBackup
		ADDED from src\main\AndroidManifest.xml:12:9-35
	android:icon
		ADDED from src\main\AndroidManifest.xml:13:9-38
	android:theme
		ADDED from src\main\AndroidManifest.xml:17:9-40
	android:name
		ADDED from src\main\AndroidManifest.xml:11:9-49
activity#com.sundevs.ihsan.plnservice.view.SliderActivity
ADDED from src\main\AndroidManifest.xml:18:9-22:59
	android:screenOrientation
		ADDED from src\main\AndroidManifest.xml:21:13-49
	android:noHistory
		ADDED from src\main\AndroidManifest.xml:20:13-37
	android:theme
		ADDED from src\main\AndroidManifest.xml:22:13-56
	android:name
		ADDED from src\main\AndroidManifest.xml:19:13-48
activity#com.sundevs.ihsan.plnservice.view.SplashScreenActivity
ADDED from src\main\AndroidManifest.xml:23:9-33:20
	android:screenOrientation
		ADDED from src\main\AndroidManifest.xml:26:13-49
	android:noHistory
		ADDED from src\main\AndroidManifest.xml:25:13-37
	android:theme
		ADDED from src\main\AndroidManifest.xml:27:13-56
	android:name
		ADDED from src\main\AndroidManifest.xml:24:13-54
intent-filter#android.intent.action.MAIN+android.intent.category.LAUNCHER
ADDED from src\main\AndroidManifest.xml:28:13-32:29
action#android.intent.action.MAIN
ADDED from src\main\AndroidManifest.xml:29:17-69
	android:name
		ADDED from src\main\AndroidManifest.xml:29:25-66
category#android.intent.category.LAUNCHER
ADDED from src\main\AndroidManifest.xml:31:17-77
	android:name
		ADDED from src\main\AndroidManifest.xml:31:27-74
activity#com.sundevs.ihsan.plnservice.view.LoginActivity
ADDED from src\main\AndroidManifest.xml:34:9-37:39
	android:noHistory
		ADDED from src\main\AndroidManifest.xml:37:13-37
	android:theme
		ADDED from src\main\AndroidManifest.xml:36:13-50
	android:name
		ADDED from src\main\AndroidManifest.xml:35:13-47
activity#com.sundevs.ihsan.plnservice.view.RegisterActivity
ADDED from src\main\AndroidManifest.xml:38:9-46:20
	android:screenOrientation
		ADDED from src\main\AndroidManifest.xml:42:13-49
	android:parentActivityName
		ADDED from src\main\AndroidManifest.xml:40:13-61
	android:noHistory
		ADDED from src\main\AndroidManifest.xml:41:13-37
	android:theme
		ADDED from src\main\AndroidManifest.xml:39:13-49
	android:name
		ADDED from src\main\AndroidManifest.xml:38:19-56
meta-data#android.support.PARENT_ACTIVITY
ADDED from src\main\AndroidManifest.xml:43:13-45:55
	android:value
		ADDED from src\main\AndroidManifest.xml:45:17-52
	android:name
		ADDED from src\main\AndroidManifest.xml:44:17-63
activity#com.sundevs.ihsan.plnservice.view.MainActivity
ADDED from src\main\AndroidManifest.xml:47:9-51:24
	android:label
		ADDED from src\main\AndroidManifest.xml:49:13-56
	android:theme
		ADDED from src\main\AndroidManifest.xml:50:13-56
	android:name
		ADDED from src\main\AndroidManifest.xml:48:13-46
service#com.sundevs.ihsan.plnservice.service.MyFirebaseInstanceIDService
ADDED from src\main\AndroidManifest.xml:53:9-57:19
	android:name
		ADDED from src\main\AndroidManifest.xml:53:18-69
intent-filter#com.google.firebase.INSTANCE_ID_EVENT
ADDED from src\main\AndroidManifest.xml:54:13-56:29
action#com.google.firebase.INSTANCE_ID_EVENT
ADDED from src\main\AndroidManifest.xml:55:17-80
	android:name
		ADDED from src\main\AndroidManifest.xml:55:25-77
service#com.sundevs.ihsan.plnservice.service.MyFirebaseMessagingService
ADDED from src\main\AndroidManifest.xml:58:9-62:19
	android:name
		ADDED from src\main\AndroidManifest.xml:58:18-68
intent-filter#com.google.firebase.MESSAGING_EVENT
ADDED from src\main\AndroidManifest.xml:59:13-61:29
action#com.google.firebase.MESSAGING_EVENT
ADDED from src\main\AndroidManifest.xml:60:17-78
	android:name
		ADDED from src\main\AndroidManifest.xml:60:25-75
uses-sdk
INJECTED from src\main\AndroidManifest.xml reason: use-sdk injection requested
MERGED from [com.android.support.constraint:constraint-layout:1.0.2] AndroidManifest.xml:5:5-7:41
MERGED from [com.android.volley:volley:1.0.0] AndroidManifest.xml:7:5-43
MERGED from [com.android.support:design:26.0.0-alpha1] AndroidManifest.xml:21:5-23:62
MERGED from [com.android.support:appcompat-v7:26.0.0-alpha1] AndroidManifest.xml:21:5-23:78
MERGED from [com.android.support:animated-vector-drawable:26.0.0-alpha1] AndroidManifest.xml:20:5-44
MERGED from [com.android.support:transition:26.0.0-alpha1] AndroidManifest.xml:20:5-44
MERGED from [com.android.support:recyclerview-v7:26.0.0-alpha1] AndroidManifest.xml:20:5-44
MERGED from [com.android.support:cardview-v7:26.0.0-alpha1] AndroidManifest.xml:20:5-44
MERGED from [com.google.firebase:firebase-messaging:9.4.0] AndroidManifest.xml:18:5-42
MERGED from [com.google.firebase:firebase-core:9.4.0] AndroidManifest.xml:4:5-42
MERGED from [com.google.firebase:firebase-analytics:9.4.0] AndroidManifest.xml:18:5-42
MERGED from [com.google.firebase:firebase-analytics-impl:9.4.0] AndroidManifest.xml:18:5-42
MERGED from [com.google.firebase:firebase-iid:9.4.0] AndroidManifest.xml:18:5-42
MERGED from [com.google.firebase:firebase-common:9.4.0] AndroidManifest.xml:4:5-43
MERGED from [com.google.android.gms:play-services-tasks:9.4.0] AndroidManifest.xml:4:5-43
MERGED from [com.google.android.gms:play-services-basement:9.4.0] AndroidManifest.xml:18:5-42
MERGED from [com.android.support:support-vector-drawable:26.0.0-alpha1] AndroidManifest.xml:20:5-44
MERGED from [com.android.support:support-v4:26.0.0-alpha1] AndroidManifest.xml:21:5-23:54
MERGED from [com.android.support:support-media-compat:26.0.0-alpha1] AndroidManifest.xml:21:5-23:63
MERGED from [com.android.support:support-fragment:26.0.0-alpha1] AndroidManifest.xml:21:5-23:60
MERGED from [com.android.support:support-core-ui:26.0.0-alpha1] AndroidManifest.xml:21:5-23:58
MERGED from [com.android.support:support-core-utils:26.0.0-alpha1] AndroidManifest.xml:21:5-23:61
MERGED from [com.android.support:support-compat:26.0.0-alpha1] AndroidManifest.xml:21:5-23:58
MERGED from [de.hdodenhof:circleimageview:1.3.0] AndroidManifest.xml:5:5-7:41
	tools:overrideLibrary
		ADDED from [com.android.support:design:26.0.0-alpha1] AndroidManifest.xml:23:9-59
	android:targetSdkVersion
		INJECTED from src\main\AndroidManifest.xml
		INJECTED from src\main\AndroidManifest.xml
	android:minSdkVersion
		INJECTED from src\main\AndroidManifest.xml
		INJECTED from src\main\AndroidManifest.xml
meta-data#android.support.VERSION
ADDED from [com.android.support:design:26.0.0-alpha1] AndroidManifest.xml:25:5-27:41
MERGED from [com.android.support:appcompat-v7:26.0.0-alpha1] AndroidManifest.xml:25:5-27:41
MERGED from [com.android.support:animated-vector-drawable:26.0.0-alpha1] AndroidManifest.xml:22:5-24:41
MERGED from [com.android.support:transition:26.0.0-alpha1] AndroidManifest.xml:22:5-24:41
MERGED from [com.android.support:recyclerview-v7:26.0.0-alpha1] AndroidManifest.xml:22:5-24:41
MERGED from [com.android.support:cardview-v7:26.0.0-alpha1] AndroidManifest.xml:22:5-24:41
MERGED from [com.android.support:support-vector-drawable:26.0.0-alpha1] AndroidManifest.xml:22:5-24:41
MERGED from [com.android.support:support-v4:26.0.0-alpha1] AndroidManifest.xml:25:5-27:41
MERGED from [com.android.support:support-media-compat:26.0.0-alpha1] AndroidManifest.xml:25:5-27:41
MERGED from [com.android.support:support-fragment:26.0.0-alpha1] AndroidManifest.xml:25:5-27:41
MERGED from [com.android.support:support-core-ui:26.0.0-alpha1] AndroidManifest.xml:25:5-27:41
MERGED from [com.android.support:support-core-utils:26.0.0-alpha1] AndroidManifest.xml:25:5-27:41
MERGED from [com.android.support:support-compat:26.0.0-alpha1] AndroidManifest.xml:25:5-27:41
	android:value
		ADDED from [com.android.support:design:26.0.0-alpha1] AndroidManifest.xml:27:9-38
	android:name
		ADDED from [com.android.support:design:26.0.0-alpha1] AndroidManifest.xml:26:9-47
service#com.google.firebase.messaging.FirebaseMessagingService
ADDED from [com.google.firebase:firebase-messaging:9.4.0] AndroidManifest.xml:24:9-30:19
	android:exported
		ADDED from [com.google.firebase:firebase-messaging:9.4.0] AndroidManifest.xml:26:13-36
	android:name
		ADDED from [com.google.firebase:firebase-messaging:9.4.0] AndroidManifest.xml:25:13-82
uses-permission#android.permission.ACCESS_NETWORK_STATE
ADDED from [com.google.firebase:firebase-analytics:9.4.0] AndroidManifest.xml:22:5-79
MERGED from [com.google.firebase:firebase-analytics-impl:9.4.0] AndroidManifest.xml:22:5-79
MERGED from [com.google.firebase:firebase-iid:9.4.0] AndroidManifest.xml:20:5-79
	android:name
		ADDED from [com.google.firebase:firebase-analytics:9.4.0] AndroidManifest.xml:22:22-76
uses-permission#android.permission.WAKE_LOCK
ADDED from [com.google.firebase:firebase-analytics:9.4.0] AndroidManifest.xml:24:5-67
MERGED from [com.google.firebase:firebase-analytics-impl:9.4.0] AndroidManifest.xml:24:5-67
MERGED from [com.google.firebase:firebase-iid:9.4.0] AndroidManifest.xml:22:5-68
	android:name
		ADDED from [com.google.firebase:firebase-analytics:9.4.0] AndroidManifest.xml:24:22-65
receiver#com.google.android.gms.measurement.AppMeasurementReceiver
ADDED from [com.google.firebase:firebase-analytics:9.4.0] AndroidManifest.xml:28:7-34:18
MERGED from [com.google.firebase:firebase-analytics-impl:9.4.0] AndroidManifest.xml:28:7-34:18
	android:enabled
		ADDED from [com.google.firebase:firebase-analytics:9.4.0] AndroidManifest.xml:30:11-33
	android:name
		ADDED from [com.google.firebase:firebase-analytics:9.4.0] AndroidManifest.xml:29:11-83
intent-filter#com.google.android.gms.measurement.UPLOAD
ADDED from [com.google.firebase:firebase-analytics:9.4.0] AndroidManifest.xml:31:9-33:25
action#com.google.android.gms.measurement.UPLOAD
ADDED from [com.google.firebase:firebase-analytics:9.4.0] AndroidManifest.xml:32:11-77
	android:name
		ADDED from [com.google.firebase:firebase-analytics:9.4.0] AndroidManifest.xml:32:19-75
service#com.google.android.gms.measurement.AppMeasurementService
ADDED from [com.google.firebase:firebase-analytics:9.4.0] AndroidManifest.xml:36:7-39:37
MERGED from [com.google.firebase:firebase-analytics-impl:9.4.0] AndroidManifest.xml:36:7-39:37
	android:enabled
		ADDED from [com.google.firebase:firebase-analytics:9.4.0] AndroidManifest.xml:38:11-33
	android:exported
		ADDED from [com.google.firebase:firebase-analytics:9.4.0] AndroidManifest.xml:39:11-35
	android:name
		ADDED from [com.google.firebase:firebase-analytics:9.4.0] AndroidManifest.xml:37:11-82
uses-permission#com.google.android.c2dm.permission.RECEIVE
ADDED from [com.google.firebase:firebase-iid:9.4.0] AndroidManifest.xml:23:5-82
	android:name
		ADDED from [com.google.firebase:firebase-iid:9.4.0] AndroidManifest.xml:23:22-79
permission#${applicationId}.permission.C2D_MESSAGE
ADDED from [com.google.firebase:firebase-iid:9.4.0] AndroidManifest.xml:25:5-26:47
	android:protectionLevel
		ADDED from [com.google.firebase:firebase-iid:9.4.0] AndroidManifest.xml:26:9-44
	android:name
		ADDED from [com.google.firebase:firebase-iid:9.4.0] AndroidManifest.xml:25:17-71
uses-permission#${applicationId}.permission.C2D_MESSAGE
ADDED from [com.google.firebase:firebase-iid:9.4.0] AndroidManifest.xml:28:5-79
	android:name
		ADDED from [com.google.firebase:firebase-iid:9.4.0] AndroidManifest.xml:28:22-76
receiver#com.google.firebase.iid.FirebaseInstanceIdReceiver
ADDED from [com.google.firebase:firebase-iid:9.4.0] AndroidManifest.xml:32:9-41:20
	android:exported
		ADDED from [com.google.firebase:firebase-iid:9.4.0] AndroidManifest.xml:34:13-36
	android:permission
		ADDED from [com.google.firebase:firebase-iid:9.4.0] AndroidManifest.xml:35:13-73
	android:name
		ADDED from [com.google.firebase:firebase-iid:9.4.0] AndroidManifest.xml:33:13-78
intent-filter#${applicationId}+com.google.android.c2dm.intent.RECEIVE+com.google.android.c2dm.intent.REGISTRATION
ADDED from [com.google.firebase:firebase-iid:9.4.0] AndroidManifest.xml:36:13-40:29
action#com.google.android.c2dm.intent.RECEIVE
ADDED from [com.google.firebase:firebase-iid:9.4.0] AndroidManifest.xml:37:17-81
	android:name
		ADDED from [com.google.firebase:firebase-iid:9.4.0] AndroidManifest.xml:37:25-78
action#com.google.android.c2dm.intent.REGISTRATION
ADDED from [com.google.firebase:firebase-iid:9.4.0] AndroidManifest.xml:38:17-86
	android:name
		ADDED from [com.google.firebase:firebase-iid:9.4.0] AndroidManifest.xml:38:25-83
category#${applicationId}
ADDED from [com.google.firebase:firebase-iid:9.4.0] AndroidManifest.xml:39:17-61
	android:name
		ADDED from [com.google.firebase:firebase-iid:9.4.0] AndroidManifest.xml:39:27-58
receiver#com.google.firebase.iid.FirebaseInstanceIdInternalReceiver
ADDED from [com.google.firebase:firebase-iid:9.4.0] AndroidManifest.xml:45:9-47:40
	android:exported
		ADDED from [com.google.firebase:firebase-iid:9.4.0] AndroidManifest.xml:47:13-37
	android:name
		ADDED from [com.google.firebase:firebase-iid:9.4.0] AndroidManifest.xml:46:13-86
service#com.google.firebase.iid.FirebaseInstanceIdService
ADDED from [com.google.firebase:firebase-iid:9.4.0] AndroidManifest.xml:51:9-57:19
	android:exported
		ADDED from [com.google.firebase:firebase-iid:9.4.0] AndroidManifest.xml:53:13-36
	android:name
		ADDED from [com.google.firebase:firebase-iid:9.4.0] AndroidManifest.xml:52:13-77
provider#com.google.firebase.provider.FirebaseInitProvider
ADDED from [com.google.firebase:firebase-common:9.4.0] AndroidManifest.xml:7:9-11:39
	android:authorities
		ADDED from [com.google.firebase:firebase-common:9.4.0] AndroidManifest.xml:8:13-72
	android:exported
		ADDED from [com.google.firebase:firebase-common:9.4.0] AndroidManifest.xml:10:13-37
	android:initOrder
		ADDED from [com.google.firebase:firebase-common:9.4.0] AndroidManifest.xml:11:13-36
	android:name
		ADDED from [com.google.firebase:firebase-common:9.4.0] AndroidManifest.xml:9:13-58
meta-data#com.google.android.gms.version
ADDED from [com.google.android.gms:play-services-basement:9.4.0] AndroidManifest.xml:21:9-23:69
	android:value
		ADDED from [com.google.android.gms:play-services-basement:9.4.0] AndroidManifest.xml:23:13-66
	android:name
		ADDED from [com.google.android.gms:play-services-basement:9.4.0] AndroidManifest.xml:22:13-58